<?xml version="1.0" encoding="UTF-8"?>
<coverage generated="1634070770322" clover="3.2.0">
  <project timestamp="1634070770322" name="All files">
    <metrics statements="60" coveredstatements="23" conditionals="21" coveredconditionals="7" methods="24" coveredmethods="11" elements="105" coveredelements="41" complexity="0" loc="60" ncloc="60" packages="3" files="6" classes="6"/>
    <package name="components">
      <metrics statements="21" coveredstatements="13" conditionals="9" coveredconditionals="5" methods="7" coveredmethods="5"/>
      <file name="Gigs.vue" path="/Users/manu/Blockchain/blockchain-developer-bootcamp-final-project/client/components/Gigs.vue">
        <metrics statements="13" coveredstatements="6" conditionals="4" coveredconditionals="1" methods="3" coveredmethods="1"/>
        <line num="24" count="1" type="stmt"/>
        <line num="32" count="0" type="stmt"/>
        <line num="35" count="0" type="stmt"/>
        <line num="43" count="1" type="stmt"/>
        <line num="45" count="1" type="stmt"/>
        <line num="47" count="1" type="stmt"/>
        <line num="48" count="1" type="stmt"/>
        <line num="50" count="0" type="stmt"/>
        <line num="51" count="0" type="stmt"/>
        <line num="53" count="0" type="stmt"/>
        <line num="54" count="0" type="stmt"/>
        <line num="56" count="0" type="stmt"/>
        <line num="58" count="1" type="stmt"/>
      </file>
      <file name="Navbar.vue" path="/Users/manu/Blockchain/blockchain-developer-bootcamp-final-project/client/components/Navbar.vue">
        <metrics statements="7" coveredstatements="6" conditionals="5" coveredconditionals="4" methods="3" coveredmethods="3"/>
        <line num="42" count="10" type="cond" truecount="3" falsecount="0"/>
        <line num="46" count="1" type="stmt"/>
        <line num="49" count="3" type="cond" truecount="1" falsecount="1"/>
        <line num="50" count="3" type="stmt"/>
        <line num="51" count="3" type="stmt"/>
        <line num="52" count="3" type="stmt"/>
        <line num="54" count="0" type="stmt"/>
      </file>
      <file name="PostGigButton.vue" path="/Users/manu/Blockchain/blockchain-developer-bootcamp-final-project/client/components/PostGigButton.vue">
        <metrics statements="1" coveredstatements="1" conditionals="0" coveredconditionals="0" methods="1" coveredmethods="1"/>
        <line num="32" count="1" type="stmt"/>
      </file>
    </package>
    <package name="components.modals">
      <metrics statements="37" coveredstatements="10" conditionals="12" coveredconditionals="2" methods="17" coveredmethods="6"/>
      <file name="PostGig.vue" path="/Users/manu/Blockchain/blockchain-developer-bootcamp-final-project/client/components/modals/PostGig.vue">
        <metrics statements="18" coveredstatements="5" conditionals="4" coveredconditionals="1" methods="7" coveredmethods="3"/>
        <line num="82" count="1" type="stmt"/>
        <line num="86" count="2" type="stmt"/>
        <line num="97" count="2" type="stmt"/>
        <line num="122" count="12" type="stmt"/>
        <line num="123" count="4" type="cond" truecount="1" falsecount="1"/>
        <line num="125" count="0" type="stmt"/>
        <line num="126" count="0" type="stmt"/>
        <line num="133" count="0" type="stmt"/>
        <line num="138" count="0" type="stmt"/>
        <line num="139" count="0" type="stmt"/>
        <line num="143" count="0" type="stmt"/>
        <line num="144" count="0" type="stmt"/>
        <line num="145" count="0" type="cond" truecount="0" falsecount="2"/>
        <line num="146" count="0" type="stmt"/>
        <line num="148" count="0" type="stmt"/>
        <line num="149" count="0" type="stmt"/>
        <line num="152" count="0" type="stmt"/>
        <line num="153" count="0" type="stmt"/>
      </file>
      <file name="SubmitWork.vue" path="/Users/manu/Blockchain/blockchain-developer-bootcamp-final-project/client/components/modals/SubmitWork.vue">
        <metrics statements="19" coveredstatements="5" conditionals="8" coveredconditionals="1" methods="10" coveredmethods="3"/>
        <line num="35" count="1" type="stmt"/>
        <line num="39" count="2" type="stmt"/>
        <line num="55" count="0" type="stmt"/>
        <line num="58" count="2" type="stmt"/>
        <line num="63" count="6" type="stmt"/>
        <line num="64" count="2" type="cond" truecount="1" falsecount="1"/>
        <line num="66" count="0" type="stmt"/>
        <line num="67" count="0" type="stmt"/>
        <line num="68" count="0" type="stmt"/>
        <line num="72" count="0" type="stmt"/>
        <line num="77" count="0" type="stmt"/>
        <line num="78" count="0" type="stmt"/>
        <line num="81" count="0" type="cond" truecount="0" falsecount="6"/>
        <line num="82" count="0" type="stmt"/>
        <line num="83" count="0" type="stmt"/>
        <line num="91" count="0" type="stmt"/>
        <line num="94" count="0" type="stmt"/>
        <line num="98" count="0" type="stmt"/>
        <line num="99" count="0" type="stmt"/>
      </file>
    </package>
    <package name="pages">
      <metrics statements="2" coveredstatements="0" conditionals="0" coveredconditionals="0" methods="0" coveredmethods="0"/>
      <file name="index.vue" path="/Users/manu/Blockchain/blockchain-developer-bootcamp-final-project/client/pages/index.vue">
        <metrics statements="2" coveredstatements="0" conditionals="0" coveredconditionals="0" methods="0" coveredmethods="0"/>
        <line num="17" count="0" type="stmt"/>
        <line num="18" count="0" type="stmt"/>
      </file>
    </package>
  </project>
</coverage>
