{"/Users/manu/Blockchain/blockchain-developer-bootcamp-final-project/client/components/Gigs.vue": {"path":"/Users/manu/Blockchain/blockchain-developer-bootcamp-final-project/client/components/Gigs.vue","statementMap":{"0":{"start":{"line":24,"column":0},"end":{"line":24,"column":null}},"1":{"start":{"line":32,"column":0},"end":{"line":32,"column":null}},"2":{"start":{"line":35,"column":0},"end":{"line":35,"column":null}},"3":{"start":{"line":43,"column":0},"end":{"line":43,"column":null}},"4":{"start":{"line":45,"column":0},"end":{"line":45,"column":null}},"5":{"start":{"line":47,"column":0},"end":{"line":47,"column":null}},"6":{"start":{"line":48,"column":0},"end":{"line":48,"column":null}},"7":{"start":{"line":50,"column":0},"end":{"line":50,"column":null}},"8":{"start":{"line":51,"column":0},"end":{"line":51,"column":null}},"9":{"start":{"line":53,"column":0},"end":{"line":53,"column":null}},"10":{"start":{"line":54,"column":0},"end":{"line":54,"column":null}},"11":{"start":{"line":56,"column":0},"end":{"line":56,"column":null}},"12":{"start":{"line":58,"column":0},"end":{"line":58,"column":null}}},"fnMap":{"0":{"name":"enroll","decl":{"start":{"line":31,"column":0},"end":{"line":31,"column":null}},"loc":{"start":{"line":31,"column":0},"end":{"line":33,"column":null}}},"1":{"name":"submit","decl":{"start":{"line":34,"column":0},"end":{"line":34,"column":null}},"loc":{"start":{"line":34,"column":0},"end":{"line":41,"column":null}}},"2":{"name":"getStatus","decl":{"start":{"line":42,"column":0},"end":{"line":42,"column":null}},"loc":{"start":{"line":42,"column":0},"end":{"line":62,"column":null}}}},"branchMap":{"0":{"loc":{"start":{"line":46,"column":0},"end":{"line":48,"column":null}},"type":"switch","locations":[{"start":{"line":46,"column":0},"end":{"line":48,"column":null}},{"start":{"line":49,"column":0},"end":{"line":51,"column":null}},{"start":{"line":52,"column":0},"end":{"line":54,"column":null}},{"start":{"line":55,"column":0},"end":{"line":56,"column":null}}]}},"s":{"0":1,"1":0,"2":0,"3":1,"4":1,"5":1,"6":1,"7":0,"8":0,"9":0,"10":0,"11":0,"12":1},"f":{"0":0,"1":0,"2":1},"b":{"0":[1,0,0,0]}}
,"/Users/manu/Blockchain/blockchain-developer-bootcamp-final-project/client/components/Navbar.vue": {"path":"/Users/manu/Blockchain/blockchain-developer-bootcamp-final-project/client/components/Navbar.vue","statementMap":{"0":{"start":{"line":42,"column":0},"end":{"line":42,"column":null}},"1":{"start":{"line":46,"column":0},"end":{"line":46,"column":null}},"2":{"start":{"line":49,"column":0},"end":{"line":53,"column":null}},"3":{"start":{"line":50,"column":0},"end":{"line":50,"column":null}},"4":{"start":{"line":51,"column":0},"end":{"line":51,"column":null}},"5":{"start":{"line":52,"column":0},"end":{"line":52,"column":null}},"6":{"start":{"line":54,"column":0},"end":{"line":54,"column":null}}},"fnMap":{"0":{"name":"connect","decl":{"start":{"line":42,"column":0},"end":{"line":42,"column":null}},"loc":{"start":{"line":42,"column":0},"end":{"line":44,"column":null}}},"1":{"name":"disconnect","decl":{"start":{"line":45,"column":0},"end":{"line":45,"column":null}},"loc":{"start":{"line":45,"column":0},"end":{"line":47,"column":null}}},"2":{"name":"truncate","decl":{"start":{"line":48,"column":0},"end":{"line":48,"column":null}},"loc":{"start":{"line":48,"column":0},"end":{"line":55,"column":null}}}},"branchMap":{"0":{"loc":{"start":{"line":42,"column":0},"end":{"line":42,"column":null}},"type":"switch","locations":[{"start":{"line":42,"column":0},"end":{"line":42,"column":null}},{"start":{"line":42,"column":0},"end":{"line":42,"column":null}},{"start":{"line":42,"column":0},"end":{"line":42,"column":null}}]},"1":{"loc":{"start":{"line":49,"column":0},"end":{"line":53,"column":null}},"type":"if","locations":[{"start":{"line":49,"column":0},"end":{"line":53,"column":null}},{"start":{"line":49,"column":0},"end":{"line":53,"column":null}}]}},"s":{"0":10,"1":1,"2":3,"3":3,"4":3,"5":3,"6":0},"f":{"0":4,"1":1,"2":3},"b":{"0":[1,1,1],"1":[3,0]}}
,"/Users/manu/Blockchain/blockchain-developer-bootcamp-final-project/client/components/PostGigButton.vue": {"path":"/Users/manu/Blockchain/blockchain-developer-bootcamp-final-project/client/components/PostGigButton.vue","statementMap":{"0":{"start":{"line":32,"column":0},"end":{"line":32,"column":null}}},"fnMap":{"0":{"name":"post","decl":{"start":{"line":31,"column":0},"end":{"line":31,"column":null}},"loc":{"start":{"line":31,"column":0},"end":{"line":36,"column":null}}}},"branchMap":{},"s":{"0":1},"f":{"0":1},"b":{}}
,"/Users/manu/Blockchain/blockchain-developer-bootcamp-final-project/client/components/modals/PostGig.vue": {"path":"/Users/manu/Blockchain/blockchain-developer-bootcamp-final-project/client/components/modals/PostGig.vue","statementMap":{"0":{"start":{"line":82,"column":0},"end":{"line":82,"column":null}},"1":{"start":{"line":86,"column":0},"end":{"line":86,"column":null}},"2":{"start":{"line":97,"column":0},"end":{"line":97,"column":null}},"3":{"start":{"line":122,"column":0},"end":{"line":122,"column":null}},"4":{"start":{"line":123,"column":0},"end":{"line":123,"column":null}},"5":{"start":{"line":125,"column":0},"end":{"line":125,"column":null}},"6":{"start":{"line":126,"column":0},"end":{"line":126,"column":null}},"7":{"start":{"line":133,"column":0},"end":{"line":133,"column":null}},"8":{"start":{"line":138,"column":0},"end":{"line":140,"column":null}},"9":{"start":{"line":139,"column":0},"end":{"line":139,"column":null}},"10":{"start":{"line":143,"column":0},"end":{"line":143,"column":null}},"11":{"start":{"line":144,"column":0},"end":{"line":144,"column":null}},"12":{"start":{"line":145,"column":0},"end":{"line":147,"column":null}},"13":{"start":{"line":146,"column":0},"end":{"line":146,"column":null}},"14":{"start":{"line":148,"column":0},"end":{"line":148,"column":null}},"15":{"start":{"line":149,"column":0},"end":{"line":149,"column":null}},"16":{"start":{"line":152,"column":0},"end":{"line":152,"column":null}},"17":{"start":{"line":153,"column":0},"end":{"line":153,"column":null}}},"fnMap":{"0":{"name":"data","decl":{"start":{"line":85,"column":0},"end":{"line":85,"column":null}},"loc":{"start":{"line":85,"column":0},"end":{"line":94,"column":null}}},"1":{"name":"show","decl":{"start":{"line":96,"column":0},"end":{"line":96,"column":null}},"loc":{"start":{"line":96,"column":0},"end":{"line":98,"column":null}}},"2":{"name":"validateState","decl":{"start":{"line":121,"column":0},"end":{"line":121,"column":null}},"loc":{"start":{"line":121,"column":0},"end":{"line":124,"column":null}}},"3":{"name":"reset","decl":{"start":{"line":125,"column":0},"end":{"line":125,"column":null}},"loc":{"start":{"line":125,"column":0},"end":{"line":141,"column":null}}},"4":{"name":"(anonymous_5)","decl":{"start":{"line":138,"column":0},"end":{"line":138,"column":null}},"loc":{"start":{"line":138,"column":0},"end":{"line":140,"column":null}}},"5":{"name":"create","decl":{"start":{"line":142,"column":0},"end":{"line":142,"column":null}},"loc":{"start":{"line":142,"column":0},"end":{"line":150,"column":null}}},"6":{"name":"cancel","decl":{"start":{"line":151,"column":0},"end":{"line":151,"column":null}},"loc":{"start":{"line":151,"column":0},"end":{"line":154,"column":null}}}},"branchMap":{"0":{"loc":{"start":{"line":123,"column":0},"end":{"line":123,"column":null}},"type":"cond-expr","locations":[{"start":{"line":123,"column":0},"end":{"line":123,"column":null}},{"start":{"line":123,"column":0},"end":{"line":123,"column":null}}]},"1":{"loc":{"start":{"line":145,"column":0},"end":{"line":147,"column":null}},"type":"if","locations":[{"start":{"line":145,"column":0},"end":{"line":147,"column":null}},{"start":{"line":145,"column":0},"end":{"line":147,"column":null}}]}},"s":{"0":1,"1":2,"2":2,"3":12,"4":4,"5":0,"6":0,"7":0,"8":0,"9":0,"10":0,"11":0,"12":0,"13":0,"14":0,"15":0,"16":0,"17":0},"f":{"0":2,"1":2,"2":4,"3":0,"4":0,"5":0,"6":0},"b":{"0":[0,4],"1":[0,0]}}
,"/Users/manu/Blockchain/blockchain-developer-bootcamp-final-project/client/components/modals/SubmitWork.vue": {"path":"/Users/manu/Blockchain/blockchain-developer-bootcamp-final-project/client/components/modals/SubmitWork.vue","statementMap":{"0":{"start":{"line":35,"column":0},"end":{"line":35,"column":null}},"1":{"start":{"line":39,"column":0},"end":{"line":39,"column":null}},"2":{"start":{"line":55,"column":0},"end":{"line":55,"column":null}},"3":{"start":{"line":58,"column":0},"end":{"line":58,"column":null}},"4":{"start":{"line":63,"column":0},"end":{"line":63,"column":null}},"5":{"start":{"line":64,"column":0},"end":{"line":64,"column":null}},"6":{"start":{"line":66,"column":0},"end":{"line":66,"column":null}},"7":{"start":{"line":67,"column":0},"end":{"line":67,"column":null}},"8":{"start":{"line":68,"column":0},"end":{"line":68,"column":null}},"9":{"start":{"line":72,"column":0},"end":{"line":72,"column":null}},"10":{"start":{"line":77,"column":0},"end":{"line":79,"column":null}},"11":{"start":{"line":78,"column":0},"end":{"line":78,"column":null}},"12":{"start":{"line":81,"column":0},"end":{"line":81,"column":null}},"13":{"start":{"line":82,"column":0},"end":{"line":82,"column":null}},"14":{"start":{"line":83,"column":0},"end":{"line":83,"column":null}},"15":{"start":{"line":81,"column":0},"end":{"line":95,"column":null}},"16":{"start":{"line":91,"column":0},"end":{"line":91,"column":null}},"17":{"start":{"line":94,"column":0},"end":{"line":94,"column":null}},"18":{"start":{"line":98,"column":0},"end":{"line":98,"column":null}},"19":{"start":{"line":99,"column":0},"end":{"line":99,"column":null}}},"fnMap":{"0":{"name":"data","decl":{"start":{"line":38,"column":0},"end":{"line":38,"column":null}},"loc":{"start":{"line":38,"column":0},"end":{"line":45,"column":null}}},"1":{"name":"gigId","decl":{"start":{"line":54,"column":0},"end":{"line":54,"column":null}},"loc":{"start":{"line":54,"column":0},"end":{"line":56,"column":null}}},"2":{"name":"show","decl":{"start":{"line":57,"column":0},"end":{"line":57,"column":null}},"loc":{"start":{"line":57,"column":0},"end":{"line":59,"column":null}}},"3":{"name":"validateState","decl":{"start":{"line":62,"column":0},"end":{"line":62,"column":null}},"loc":{"start":{"line":62,"column":0},"end":{"line":65,"column":null}}},"4":{"name":"reset","decl":{"start":{"line":66,"column":0},"end":{"line":66,"column":null}},"loc":{"start":{"line":66,"column":0},"end":{"line":80,"column":null}}},"5":{"name":"(anonymous_6)","decl":{"start":{"line":77,"column":0},"end":{"line":77,"column":null}},"loc":{"start":{"line":77,"column":0},"end":{"line":79,"column":null}}},"6":{"name":"submit","decl":{"start":{"line":81,"column":0},"end":{"line":81,"column":null}},"loc":{"start":{"line":81,"column":0},"end":{"line":96,"column":null}}},"7":{"name":"(anonymous_10)","decl":{"start":{"line":86,"column":0},"end":{"line":86,"column":null}},"loc":{"start":{"line":86,"column":0},"end":{"line":92,"column":null}}},"8":{"name":"(anonymous_11)","decl":{"start":{"line":92,"column":0},"end":{"line":92,"column":null}},"loc":{"start":{"line":92,"column":0},"end":{"line":95,"column":null}}},"9":{"name":"cancel","decl":{"start":{"line":97,"column":0},"end":{"line":97,"column":null}},"loc":{"start":{"line":97,"column":0},"end":{"line":100,"column":null}}}},"branchMap":{"0":{"loc":{"start":{"line":64,"column":0},"end":{"line":64,"column":null}},"type":"cond-expr","locations":[{"start":{"line":64,"column":0},"end":{"line":64,"column":null}},{"start":{"line":64,"column":0},"end":{"line":64,"column":null}}]},"1":{"loc":{"start":{"line":81,"column":0},"end":{"line":81,"column":null}},"type":"switch","locations":[{"start":{"line":81,"column":0},"end":{"line":81,"column":null}},{"start":{"line":81,"column":0},"end":{"line":95,"column":null}},{"start":{"line":81,"column":0},"end":{"line":81,"column":null}},{"start":{"line":81,"column":0},"end":{"line":81,"column":null}}]},"2":{"loc":{"start":{"line":81,"column":0},"end":{"line":81,"column":null}},"type":"if","locations":[{"start":{"line":81,"column":0},"end":{"line":81,"column":null}},{"start":{"line":81,"column":0},"end":{"line":81,"column":null}}]}},"s":{"0":1,"1":2,"2":0,"3":2,"4":6,"5":2,"6":0,"7":0,"8":0,"9":0,"10":0,"11":0,"12":0,"13":0,"14":0,"15":0,"16":0,"17":0,"18":0,"19":0},"f":{"0":2,"1":0,"2":2,"3":2,"4":0,"5":0,"6":0,"7":0,"8":0,"9":0},"b":{"0":[0,2],"1":[0,0,0,0],"2":[0,0]}}
,"/Users/manu/Blockchain/blockchain-developer-bootcamp-final-project/client/pages/index.vue": {"path":"/Users/manu/Blockchain/blockchain-developer-bootcamp-final-project/client/pages/index.vue","statementMap":{"0":{"start":{"line":17,"column":0},"end":{"line":17,"column":null}},"1":{"start":{"line":18,"column":0},"end":{"line":18,"column":null}}},"fnMap":{},"branchMap":{},"s":{"0":0,"1":0},"f":{},"b":{}}
}
