TN:
SF:client/components/Gigs.vue
FN:31,enroll
FN:34,submit
FN:42,getStatus
FNF:3
FNH:1
FNDA:0,enroll
FNDA:0,submit
FNDA:1,getStatus
DA:24,1
DA:32,0
DA:35,0
DA:43,1
DA:45,1
DA:47,1
DA:48,1
DA:50,0
DA:51,0
DA:53,0
DA:54,0
DA:56,0
DA:58,1
LF:13
LH:6
BRDA:46,0,0,1
BRDA:46,0,1,0
BRDA:46,0,2,0
BRDA:46,0,3,0
BRF:4
BRH:1
end_of_record
TN:
SF:client/components/Navbar.vue
FN:42,connect
FN:45,disconnect
FN:48,truncate
FNF:3
FNH:3
FNDA:4,connect
FNDA:1,disconnect
FNDA:3,truncate
DA:42,10
DA:46,1
DA:49,3
DA:50,3
DA:51,3
DA:52,3
DA:54,0
LF:7
LH:6
BRDA:42,0,0,1
BRDA:42,0,1,1
BRDA:42,0,2,1
BRDA:49,1,0,3
BRDA:49,1,1,0
BRF:5
BRH:4
end_of_record
TN:
SF:client/components/PostGigButton.vue
FN:31,post
FNF:1
FNH:1
FNDA:1,post
DA:32,1
LF:1
LH:1
BRF:0
BRH:0
end_of_record
TN:
SF:client/components/modals/PostGig.vue
FN:85,data
FN:96,show
FN:121,validateState
FN:125,reset
FN:138,(anonymous_5)
FN:142,create
FN:151,cancel
FNF:7
FNH:3
FNDA:2,data
FNDA:2,show
FNDA:4,validateState
FNDA:0,reset
FNDA:0,(anonymous_5)
FNDA:0,create
FNDA:0,cancel
DA:82,1
DA:86,2
DA:97,2
DA:122,12
DA:123,4
DA:125,0
DA:126,0
DA:133,0
DA:138,0
DA:139,0
DA:143,0
DA:144,0
DA:145,0
DA:146,0
DA:148,0
DA:149,0
DA:152,0
DA:153,0
LF:18
LH:5
BRDA:123,0,0,0
BRDA:123,0,1,4
BRDA:145,1,0,0
BRDA:145,1,1,0
BRF:4
BRH:1
end_of_record
TN:
SF:client/components/modals/SubmitWork.vue
FN:38,data
FN:54,gigId
FN:57,show
FN:62,validateState
FN:66,reset
FN:77,(anonymous_6)
FN:81,submit
FN:86,(anonymous_10)
FN:92,(anonymous_11)
FN:97,cancel
FNF:10
FNH:3
FNDA:2,data
FNDA:0,gigId
FNDA:2,show
FNDA:2,validateState
FNDA:0,reset
FNDA:0,(anonymous_6)
FNDA:0,submit
FNDA:0,(anonymous_10)
FNDA:0,(anonymous_11)
FNDA:0,cancel
DA:35,1
DA:39,2
DA:55,0
DA:58,2
DA:63,6
DA:64,2
DA:66,0
DA:67,0
DA:68,0
DA:72,0
DA:77,0
DA:78,0
DA:81,0
DA:82,0
DA:83,0
DA:91,0
DA:94,0
DA:98,0
DA:99,0
LF:19
LH:5
BRDA:64,0,0,0
BRDA:64,0,1,2
BRDA:81,1,0,0
BRDA:81,1,1,0
BRDA:81,1,2,0
BRDA:81,1,3,0
BRDA:81,2,0,0
BRDA:81,2,1,0
BRF:8
BRH:1
end_of_record
TN:
SF:client/pages/index.vue
FNF:0
FNH:0
DA:17,0
DA:18,0
LF:2
LH:0
BRF:0
BRH:0
end_of_record
